\BOOKMARK [1][-]{section.1}{\376\377\137\025\212\000}{}% 1
\BOOKMARK [1][-]{section.2}{\376\377\170\024\172\166\145\271\154\325}{}% 2
\BOOKMARK [2][-]{subsection.2.1}{\376\377\126\336\137\122\173\227\154\325\123\237\164\006}{section.2}% 3
\BOOKMARK [3][-]{subsubsection.2.1.1}{\376\377\126\336\137\122\122\006\147\220\127\372\170\100}{subsection.2.1}% 4
\BOOKMARK [3][-]{subsubsection.2.1.2}{\376\377\226\217\147\072\150\356\147\227\173\227\154\325\123\237\164\006}{subsection.2.1}% 5
\BOOKMARK [3][-]{subsubsection.2.1.3}{\376\377\121\263\173\126\150\021\173\227\154\325\123\237\164\006}{subsection.2.1}% 6
\BOOKMARK [3][-]{subsubsection.2.1.4}{\376\377\145\057\143\001\124\021\221\317\126\336\137\122\000\050\000S\000V\000R\000\051\123\237\164\006}{subsection.2.1}% 7
\BOOKMARK [3][-]{subsubsection.2.1.5}{\376\377\171\136\176\317\177\121\176\334\126\336\137\122\123\237\164\006}{subsection.2.1}% 8
\BOOKMARK [2][-]{subsection.2.2}{\376\377\145\160\143\156\203\267\123\326\116\016\230\204\131\004\164\006}{section.2}% 9
\BOOKMARK [3][-]{subsubsection.2.2.1}{\376\377\145\160\143\156\226\306\143\317\217\360}{subsection.2.2}% 10
\BOOKMARK [3][-]{subsubsection.2.2.2}{\376\377\145\160\143\156\230\204\131\004\164\006}{subsection.2.2}% 11
\BOOKMARK [3][-]{subsubsection.2.2.3}{\376\377\177\072\131\061\120\074\122\006\147\220}{subsection.2.2}% 12
\BOOKMARK [3][-]{subsubsection.2.2.4}{\376\377\137\002\136\070\120\074\122\006\147\220}{subsection.2.2}% 13
\BOOKMARK [2][-]{subsection.2.3}{\376\377\162\171\137\201\135\345\172\013\116\016\220\011\142\351}{section.2}% 14
\BOOKMARK [2][-]{subsection.2.4}{\376\377\152\041\127\213\147\204\136\372\116\016\213\304\117\060}{section.2}% 15
\BOOKMARK [3][-]{subsubsection.2.4.1}{\376\377\217\157\116\366\163\257\130\203}{subsection.2.4}% 16
\BOOKMARK [1][-]{section.3}{\376\377\133\236\232\214\176\323\147\234}{}% 17
\BOOKMARK [2][-]{subsection.3.1}{\376\377\145\160\143\156\122\006\147\220\176\323\147\234}{section.3}% 18
\BOOKMARK [3][-]{subsubsection.3.1.1}{\376\377\143\317\217\360\140\047\176\337\213\241}{subsection.3.1}% 19
\BOOKMARK [3][-]{subsubsection.3.1.2}{\376\377\150\007\173\176\122\006\136\003\122\006\147\220}{subsection.3.1}% 20
\BOOKMARK [3][-]{subsubsection.3.1.3}{\376\377\162\171\137\201\122\006\136\003\122\006\147\220}{subsection.3.1}% 21
\BOOKMARK [3][-]{subsubsection.3.1.4}{\376\377\230\316\124\021\122\006\136\003\122\006\147\220}{subsection.3.1}% 22
\BOOKMARK [3][-]{subsubsection.3.1.5}{\376\377\162\171\137\201\221\315\211\201\140\047\122\006\147\220}{subsection.3.1}% 23
\BOOKMARK [2][-]{subsection.3.2}{\376\377\152\041\127\213\140\047\200\375\153\324\217\203}{section.3}% 24
\BOOKMARK [3][-]{subsubsection.3.2.1}{\376\377\230\204\155\113\121\306\170\156\140\047}{subsection.3.2}% 25
\BOOKMARK [3][-]{subsubsection.3.2.2}{\376\377\213\241\173\227\145\110\163\207}{subsection.3.2}% 26
\BOOKMARK [2][-]{subsection.3.3}{\376\377\230\204\155\113\176\323\147\234\122\006\147\220}{section.3}% 27
\BOOKMARK [3][-]{subsubsection.3.3.1}{\376\377\145\366\225\364\136\217\122\027\230\204\155\113}{subsection.3.3}% 28
\BOOKMARK [3][-]{subsubsection.3.3.2}{\376\377\230\204\155\113\213\357\135\356\122\006\147\220}{subsection.3.3}% 29
\BOOKMARK [3][-]{subsubsection.3.3.3}{\376\377\133\143\202\202\140\047\152\041\137\017\122\006\147\220}{subsection.3.3}% 30
\BOOKMARK [2][-]{subsection.3.4}{\376\377\152\041\127\213\234\201\150\322\140\047\122\006\147\220}{section.3}% 31
\BOOKMARK [2][-]{subsection.3.5}{\376\377\162\171\153\212\140\305\121\265\122\006\147\220}{section.3}% 32
\BOOKMARK [3][-]{subsubsection.3.5.1}{\376\377\147\201\172\357\131\051\154\024\137\161\124\315}{subsection.3.5}% 33
\BOOKMARK [3][-]{subsubsection.3.5.2}{\376\377\133\143\202\202\140\047\123\330\123\026}{subsection.3.5}% 34
\BOOKMARK [2][-]{subsection.3.6}{\376\377\126\336\137\122\122\006\147\220\176\323\147\234}{section.3}% 35
\BOOKMARK [3][-]{subsubsection.3.6.1}{\376\377\230\204\155\113\122\006\136\003\122\006\147\220}{subsection.3.6}% 36
\BOOKMARK [3][-]{subsubsection.3.6.2}{\376\377\162\171\137\201\121\163\174\373\122\006\147\220}{subsection.3.6}% 37
\BOOKMARK [3][-]{subsubsection.3.6.3}{\376\377\166\370\121\163\140\047\167\351\226\065\122\006\147\220}{subsection.3.6}% 38
\BOOKMARK [2][-]{subsection.3.7}{\376\377\121\263\173\126\150\021\152\041\127\213\122\006\147\220}{section.3}% 39
\BOOKMARK [3][-]{subsubsection.3.7.1}{\376\377\150\021\176\323\147\204\123\357\211\306\123\026}{subsection.3.7}% 40
\BOOKMARK [3][-]{subsubsection.3.7.2}{\376\377\153\213\135\356\122\006\147\220}{subsection.3.7}% 41
\BOOKMARK [3][-]{subsubsection.3.7.3}{\376\377\230\204\155\113\145\143\160\271\126\376}{subsection.3.7}% 42
\BOOKMARK [3][-]{subsubsection.3.7.4}{\376\377\133\146\116\140\146\362\176\277\122\006\147\220}{subsection.3.7}% 43
\BOOKMARK [3][-]{subsubsection.3.7.5}{\376\377\162\171\137\201\221\315\211\201\140\047\122\006\147\220}{subsection.3.7}% 44
\BOOKMARK [1][-]{section.4}{\376\377\213\250\213\272}{}% 45
\BOOKMARK [2][-]{subsection.4.1}{\376\377\116\073\211\201\123\321\163\260}{section.4}% 46
\BOOKMARK [3][-]{subsubsection.4.1.1}{\376\377\152\041\127\213\140\047\200\375\122\006\147\220}{subsection.4.1}% 47
\BOOKMARK [3][-]{subsubsection.4.1.2}{\376\377\137\161\124\315\126\340\175\040\122\006\147\220}{subsection.4.1}% 48
\BOOKMARK [1][-]{section.5}{\376\377\176\323\147\137\213\355}{}% 49
\BOOKMARK [1][-]{appendix.A}{\376\377\000P\000y\000t\000h\000o\000n\156\220\116\343\170\001\133\236\163\260}{}% 50
\BOOKMARK [2][-]{subsection.A.1}{\376\377\145\160\143\156\230\204\131\004\164\006\116\343\170\001}{appendix.A}% 51
\BOOKMARK [2][-]{subsection.A.2}{\376\377\152\041\127\213\213\255\176\303\116\343\170\001}{appendix.A}% 52
\BOOKMARK [2][-]{subsection.A.3}{\376\377\123\357\211\306\123\026\116\343\170\001}{appendix.A}% 53
\BOOKMARK [2][-]{subsection.A.4}{\376\377\116\073\172\013\136\217\116\343\170\001}{appendix.A}% 54
